<?xml version="1.0" encoding="UTF-8" ?>
<testsuite tests="4" failures="0" name="com.benjaminfranzi.ciphers.common.ShiftTest" time="0" errors="0" skipped="0">
  <properties>
[...]
</properties>
  <testcase classname="com.benjaminfranzi.ciphers.common.ShiftTest" name="encryptPangramRot3" time="0"/>
  <testcase classname="com.benjaminfranzi.ciphers.common.ShiftTest" name="encryptPangramRot13" time="0"/>
  <testcase classname="com.benjaminfranzi.ciphers.common.ShiftTest" name="parseSymbols" time="0"/>
  <testcase classname="com.benjaminfranzi.ciphers.common.ShiftTest" name="decryptPangramRot7" time="0"/>
</testsuite>